[13702:1022/203841.536656:ERROR:object_proxy.cc(576)] Failed to call method: org.freedesktop.DBus.Properties.Get: object_path= /org/freedesktop/portal/desktop: org.freedesktop.DBus.Error.InvalidArgs: No such interface “org.freedesktop.portal.FileChooser”
[13702:1022/203841.536739:ERROR:select_file_dialog_linux_portal.cc(308)] Failed to read portal version property
[90m[main 2025-10-23T00:38:41.721Z][0m WindsurfWindowsMainManager: Window will load {
  windowId: 1,
  workspaceUri: {
    id: 'f3f21304e4806562428736c50ef10394',
    uri: ln {
      scheme: 'file',
      authority: '',
      path: '/home/ph03nix/Programming/Flutter/driverlink-approval',
      query: '',
      fragment: '',
      _formatted: 'file:///home/ph03nix/Programming/Flutter/driverlink-approval',
      _fsPath: '/home/ph03nix/Programming/Flutter/driverlink-approval'
    }
  }
}
[90m[main 2025-10-23T00:38:41.735Z][0m update#setState idle
[90m[main 2025-10-23T00:38:41.808Z][0m WindsurfWindowsMainManager: Window will close {
  windowId: 1,
  workspaceUri: {
    id: 'f3f21304e4806562428736c50ef10394',
    uri: ln {
      scheme: 'file',
      authority: '',
      path: '/home/ph03nix/Programming/Flutter/driverlink-approval',
      query: '',
      fragment: '',
      _formatted: 'file:///home/ph03nix/Programming/Flutter/driverlink-approval',
      _fsPath: '/home/ph03nix/Programming/Flutter/driverlink-approval'
    }
  }
}
[90m[main 2025-10-23T00:38:41.848Z][0m WindsurfWindowsMainManager: Shutdown initiated, capturing current window group state
[13810:1022/203843.759236:ERROR:object_proxy.cc(576)] Failed to call method: org.freedesktop.DBus.Properties.Get: object_path= /org/freedesktop/portal/desktop: org.freedesktop.DBus.Error.InvalidArgs: No such interface “org.freedesktop.portal.FileChooser”
[13810:1022/203843.759288:ERROR:select_file_dialog_linux_portal.cc(308)] Failed to read portal version property
[90m[main 2025-10-23T00:38:43.942Z][0m WindsurfWindowsMainManager: Window will load {
  windowId: 1,
  workspaceUri: {
    id: 'f3f21304e4806562428736c50ef10394',
    uri: ln {
      scheme: 'file',
      authority: '',
      path: '/home/ph03nix/Programming/Flutter/driverlink-approval',
      query: '',
      fragment: '',
      _formatted: 'file:///home/ph03nix/Programming/Flutter/driverlink-approval',
      _fsPath: '/home/ph03nix/Programming/Flutter/driverlink-approval'
    }
  }
}
[90m[main 2025-10-23T00:38:43.955Z][0m update#setState idle
[13849:1022/203847.225788:ERROR:gl_surface_presentation_helper.cc(260)] GetVSyncParametersIfAvailable() failed for 1 times!
[13849:1022/203859.507103:ERROR:gl_surface_presentation_helper.cc(260)] GetVSyncParametersIfAvailable() failed for 2 times!
[90m[main 2025-10-23T00:39:13.957Z][0m update#setState checking for updates
[13849:1022/203914.003363:ERROR:gl_surface_presentation_helper.cc(260)] GetVSyncParametersIfAvailable() failed for 3 times!
[90m[main 2025-10-23T00:39:14.262Z][0m update#setState idle
[90m[main 2025-10-23T01:39:13.978Z][0m update#setState checking for updates
[90m[main 2025-10-23T01:39:15.160Z][0m update#setState idle
[90m[main 2025-10-23T01:49:21.196Z][0m WindsurfWindowsMainManager: Window will load {
  windowId: 2,
  workspaceUri: {
    id: '5695c1551935f6d5b679568693f7e7a4',
    uri: ln {
      scheme: 'file',
      authority: '',
      path: '/home/ph03nix/Programming/Flutter/amacuba-notifications-panel',
      query: '',
      fragment: '',
      _formatted: 'file:///home/ph03nix/Programming/Flutter/amacuba-notifications-panel',
      _fsPath: '/home/ph03nix/Programming/Flutter/amacuba-notifications-panel'
    }
  }
}
[90m[main 2025-10-23T02:08:15.026Z][0m WindsurfWindowsMainManager: Window will close {
  windowId: 2,
  workspaceUri: {
    id: '5695c1551935f6d5b679568693f7e7a4',
    uri: ln {
      scheme: 'file',
      authority: '',
      path: '/home/ph03nix/Programming/Flutter/amacuba-notifications-panel',
      query: '',
      fragment: '',
      _formatted: 'file:///home/ph03nix/Programming/Flutter/amacuba-notifications-panel',
      _fsPath: '/home/ph03nix/Programming/Flutter/amacuba-notifications-panel'
    }
  }
}
[90m[main 2025-10-23T02:08:15.423Z][0m Extension host with pid 28053 exited with code: 0, signal: unknown.
[91m[main 2025-10-23T02:08:15.433Z][0m [UtilityProcess id: 2, type: fileWatcher, pid: 28034]: crashed with code 15 and reason 'killed'
[91m[main 2025-10-23T02:08:15.433Z][0m === UTILITY PROCESS CRASH REPORT ===
[91m[main 2025-10-23T02:08:15.433Z][0m Time: 2025-10-23T02:08:15.433Z
[91m[main 2025-10-23T02:08:15.433Z][0m PID: 28034, Exit Code: 15 (Unknown exit code (15)), Reason: killed
[91m[main 2025-10-23T02:08:15.433Z][0m Process Type: fileWatcher
[91m[main 2025-10-23T02:08:15.434Z][0m Process ID: 2
[91m[main 2025-10-23T02:08:15.434Z][0m Entry Point: vs/platform/files/node/watcher/watcherMain
[91m[main 2025-10-23T02:08:15.434Z][0m Main Process Memory: RSS=212MB, Heap=19MB, External=4MB
[91m[main 2025-10-23T02:08:15.434Z][0m System Information:
[91m[main 2025-10-23T02:08:15.434Z][0m   - Node Version: v20.19.0
[91m[main 2025-10-23T02:08:15.434Z][0m   - Platform: linux_x64
[91m[main 2025-10-23T02:08:15.434Z][0m   - Electron Version: 34.5.1
[91m[main 2025-10-23T02:08:15.434Z][0m Active Utility Processes: 4 processes
[91m[main 2025-10-23T02:08:15.434Z][0m Sample Processes:
[91m[main 2025-10-23T02:08:15.434Z][0m   - shared-process (PID: 13920)
[91m[main 2025-10-23T02:08:15.434Z][0m   - fileWatcher [1] (PID: 13921)
[91m[main 2025-10-23T02:08:15.435Z][0m   - extensionHost [1] (PID: 13940)
[91m[main 2025-10-23T02:08:15.435Z][0m   - ptyHost (PID: 15002)
[91m[main 2025-10-23T02:08:15.435Z][0m === END UTILITY PROCESS CRASH REPORT ===
[90m[main 2025-10-23T02:08:17.823Z][0m WindsurfWindowsMainManager: Window will close {
  windowId: 1,
  workspaceUri: {
    id: 'f3f21304e4806562428736c50ef10394',
    uri: ln {
      scheme: 'file',
      authority: '',
      path: '/home/ph03nix/Programming/Flutter/driverlink-approval',
      query: '',
      fragment: '',
      _formatted: 'file:///home/ph03nix/Programming/Flutter/driverlink-approval',
      _fsPath: '/home/ph03nix/Programming/Flutter/driverlink-approval'
    }
  }
}
[90m[main 2025-10-23T02:08:17.832Z][0m WindsurfWindowsMainManager: Shutdown initiated, capturing current window group state
[90m[main 2025-10-23T02:08:17.957Z][0m Extension host with pid 13940 exited with code: 0, signal: unknown.
[38983:1022/222044.898243:ERROR:object_proxy.cc(576)] Failed to call method: org.freedesktop.DBus.Properties.Get: object_path= /org/freedesktop/portal/desktop: org.freedesktop.DBus.Error.InvalidArgs: No such interface “org.freedesktop.portal.FileChooser”
[38983:1022/222044.898305:ERROR:select_file_dialog_linux_portal.cc(308)] Failed to read portal version property
[1239:1023/163515.554478:ERROR:object_proxy.cc(576)] Failed to call method: org.freedesktop.DBus.Properties.Get: object_path= /org/freedesktop/portal/desktop: org.freedesktop.DBus.Error.InvalidArgs: No such interface “org.freedesktop.portal.FileChooser”
[1239:1023/163515.555038:ERROR:select_file_dialog_linux_portal.cc(308)] Failed to read portal version property
[90m[main 2025-10-23T20:35:15.851Z][0m WindsurfWindowsMainManager: Window will load {
  windowId: 1,
  workspaceUri: {
    id: 'f3f21304e4806562428736c50ef10394',
    uri: ln {
      scheme: 'file',
      authority: '',
      path: '/home/ph03nix/Programming/Flutter/driverlink-approval',
      query: '',
      fragment: '',
      _formatted: 'file:///home/ph03nix/Programming/Flutter/driverlink-approval',
      _fsPath: '/home/ph03nix/Programming/Flutter/driverlink-approval'
    }
  }
}
[90m[main 2025-10-23T20:35:15.866Z][0m update#setState idle
[90m[main 2025-10-23T20:35:15.921Z][0m WindsurfWindowsMainManager: Window will close {
  windowId: 1,
  workspaceUri: {
    id: 'f3f21304e4806562428736c50ef10394',
    uri: ln {
      scheme: 'file',
      authority: '',
      path: '/home/ph03nix/Programming/Flutter/driverlink-approval',
      query: '',
      fragment: '',
      _formatted: 'file:///home/ph03nix/Programming/Flutter/driverlink-approval',
      _fsPath: '/home/ph03nix/Programming/Flutter/driverlink-approval'
    }
  }
}
[90m[main 2025-10-23T20:35:15.934Z][0m WindsurfWindowsMainManager: Shutdown initiated, capturing current window group state
[1347:1023/163517.696599:ERROR:object_proxy.cc(576)] Failed to call method: org.freedesktop.DBus.Properties.Get: object_path= /org/freedesktop/portal/desktop: org.freedesktop.DBus.Error.InvalidArgs: No such interface “org.freedesktop.portal.FileChooser”
[1347:1023/163517.696649:ERROR:select_file_dialog_linux_portal.cc(308)] Failed to read portal version property
[90m[main 2025-10-23T20:35:17.877Z][0m WindsurfWindowsMainManager: Window will load {
  windowId: 1,
  workspaceUri: {
    id: 'f3f21304e4806562428736c50ef10394',
    uri: ln {
      scheme: 'file',
      authority: '',
      path: '/home/ph03nix/Programming/Flutter/driverlink-approval',
      query: '',
      fragment: '',
      _formatted: 'file:///home/ph03nix/Programming/Flutter/driverlink-approval',
      _fsPath: '/home/ph03nix/Programming/Flutter/driverlink-approval'
    }
  }
}
[90m[main 2025-10-23T20:35:17.892Z][0m update#setState idle
[1385:1023/163543.899928:ERROR:gl_surface_presentation_helper.cc(260)] GetVSyncParametersIfAvailable() failed for 1 times!
[91m[main 2025-10-23T20:35:47.023Z][0m #1: https://windsurf-stable.codeium.com/api/update/linux-x64/stable/e070c40b16843043362e035ebe6169be63af2af9 - error undefined net::ERR_NETWORK_CHANGED
[91m[main 2025-10-23T20:35:47.024Z][0m update#isLatestVersion(): failed to check for updates
[91m[main 2025-10-23T20:35:47.024Z][0m Error: net::ERR_NETWORK_CHANGED
    at SimpleURLLoaderWrapper.<anonymous> (node:electron/js2c/browser_init:2:118774)
    at SimpleURLLoaderWrapper.emit (node:events:524:28)
[90m[main 2025-10-23T20:35:47.893Z][0m update#setState checking for updates
[90m[main 2025-10-23T20:35:48.915Z][0m update#setState available for download
[1385:1023/163709.177045:ERROR:gl_surface_presentation_helper.cc(260)] GetVSyncParametersIfAvailable() failed for 2 times!
[1385:1023/163709.180608:ERROR:gl_surface_presentation_helper.cc(260)] GetVSyncParametersIfAvailable() failed for 3 times!
[90m[main 2025-10-23T21:10:33.539Z][0m WindsurfWindowsMainManager: Window will load {
  windowId: 2,
  workspaceUri: {
    id: '76b2fab2afacd678665839203268c0dc',
    uri: ln {
      scheme: 'file',
      authority: '',
      path: '/home/ph03nix/Programming/Python/applog-backend',
      query: '',
      fragment: '',
      _formatted: 'file:///home/ph03nix/Programming/Python/applog-backend',
      _fsPath: '/home/ph03nix/Programming/Python/applog-backend'
    }
  }
}
[1347:1023/171416.139020:ERROR:browser_main_loop.cc(278)] GLib-GObject: ../glib/gobject/gsignal.c:2700: instance '0x1b14039cf040' has no handler with id '1307'
[1347:1023/172748.295113:ERROR:atom_cache.cc(229)] Add chromium/from-privileged to kAtomsToCache
[90m[main 2025-10-23T21:36:54.745Z][0m WindsurfWindowsMainManager: Window will close {
  windowId: 1,
  workspaceUri: {
    id: 'f3f21304e4806562428736c50ef10394',
    uri: ln {
      scheme: 'file',
      authority: '',
      path: '/home/ph03nix/Programming/Flutter/driverlink-approval',
      query: '',
      fragment: '',
      _formatted: 'file:///home/ph03nix/Programming/Flutter/driverlink-approval',
      _fsPath: '/home/ph03nix/Programming/Flutter/driverlink-approval'
    }
  }
}
[91m[main 2025-10-23T21:36:54.771Z][0m [UtilityProcess id: 1, type: fileWatcher, pid: 1465]: crashed with code 15 and reason 'killed'
[91m[main 2025-10-23T21:36:54.771Z][0m === UTILITY PROCESS CRASH REPORT ===
[91m[main 2025-10-23T21:36:54.771Z][0m Time: 2025-10-23T21:36:54.771Z
[91m[main 2025-10-23T21:36:54.771Z][0m PID: 1465, Exit Code: 15 (Unknown exit code (15)), Reason: killed
[91m[main 2025-10-23T21:36:54.771Z][0m Process Type: fileWatcher
[91m[main 2025-10-23T21:36:54.772Z][0m Process ID: 1
[91m[main 2025-10-23T21:36:54.772Z][0m Entry Point: vs/platform/files/node/watcher/watcherMain
[91m[main 2025-10-23T21:36:54.772Z][0m Main Process Memory: RSS=215MB, Heap=17MB, External=5MB
[91m[main 2025-10-23T21:36:54.772Z][0m System Information:
[91m[main 2025-10-23T21:36:54.772Z][0m   - Node Version: v20.19.0
[91m[main 2025-10-23T21:36:54.773Z][0m   - Platform: linux_x64
[91m[main 2025-10-23T21:36:54.773Z][0m   - Electron Version: 34.5.1
[91m[main 2025-10-23T21:36:54.773Z][0m Active Utility Processes: 5 processes
[91m[main 2025-10-23T21:36:54.773Z][0m Sample Processes:
[91m[main 2025-10-23T21:36:54.773Z][0m   - extensionHost [1] (PID: 1455)
[91m[main 2025-10-23T21:36:54.773Z][0m   - shared-process (PID: 1456)
[91m[main 2025-10-23T21:36:54.773Z][0m   - ptyHost (PID: 1505)
[91m[main 2025-10-23T21:36:54.773Z][0m   - fileWatcher [2] (PID: 9313)
[91m[main 2025-10-23T21:36:54.773Z][0m   - extensionHost [2] (PID: 9329)
[91m[main 2025-10-23T21:36:54.773Z][0m === END UTILITY PROCESS CRASH REPORT ===
[90m[main 2025-10-23T21:36:54.922Z][0m Extension host with pid 1455 exited with code: 0, signal: unknown.
[90m[main 2025-10-23T21:37:47.989Z][0m WindsurfWindowsMainManager: Window will load {
  windowId: 3,
  workspaceUri: {
    id: 'b46bb4c15f1d90a905148fcd3b731c1a',
    uri: ln {
      scheme: 'file',
      authority: '',
      path: '/home/ph03nix/Programming/Flutter/driverlink-frontend',
      query: '',
      fragment: '',
      _formatted: 'file:///home/ph03nix/Programming/Flutter/driverlink-frontend',
      _fsPath: '/home/ph03nix/Programming/Flutter/driverlink-frontend'
    }
  }
}
[90m[main 2025-10-23T21:38:49.625Z][0m Extension host with pid 9329 exited with code: 0, signal: unknown.
[90m[main 2025-10-23T21:38:49.786Z][0m WindsurfWindowsMainManager: Window will close {
  windowId: 2,
  workspaceUri: {
    id: '76b2fab2afacd678665839203268c0dc',
    uri: ln {
      scheme: 'file',
      authority: '',
      path: '/home/ph03nix/Programming/Python/applog-backend',
      query: '',
      fragment: '',
      _formatted: 'file:///home/ph03nix/Programming/Python/applog-backend',
      _fsPath: '/home/ph03nix/Programming/Python/applog-backend'
    }
  }
}
[93m[main 2025-10-23T21:38:51.813Z][0m No ptyHost heartbeat after 6 seconds
[13877:1023/174106.378249:ERROR:object_proxy.cc(576)] Failed to call method: org.freedesktop.DBus.Properties.Get: object_path= /org/freedesktop/portal/desktop: org.freedesktop.DBus.Error.InvalidArgs: No such interface “org.freedesktop.portal.FileChooser”
[13877:1023/174106.378310:ERROR:select_file_dialog_linux_portal.cc(308)] Failed to read portal version property
[90m[main 2025-10-23T21:41:06.507Z][0m WindsurfWindowsMainManager: Window will load {
  windowId: 4,
  workspaceUri: {
    id: 'f3f21304e4806562428736c50ef10394',
    uri: ln {
      scheme: 'file',
      authority: '',
      path: '/home/ph03nix/Programming/Flutter/driverlink-approval',
      query: '',
      fragment: '',
      _formatted: 'file:///home/ph03nix/Programming/Flutter/driverlink-approval',
      _fsPath: '/home/ph03nix/Programming/Flutter/driverlink-approval'
    }
  }
}
[90m[main 2025-10-23T21:41:25.784Z][0m WindsurfWindowsMainManager: Window will close {
  windowId: 3,
  workspaceUri: {
    id: 'b46bb4c15f1d90a905148fcd3b731c1a',
    uri: ln {
      scheme: 'file',
      authority: '',
      path: '/home/ph03nix/Programming/Flutter/driverlink-frontend',
      query: '',
      fragment: '',
      _formatted: 'file:///home/ph03nix/Programming/Flutter/driverlink-frontend',
      _fsPath: '/home/ph03nix/Programming/Flutter/driverlink-frontend'
    }
  }
}
[90m[main 2025-10-23T21:41:26.812Z][0m Extension host with pid 12458 exited with code: 0, signal: unknown.
[90m[main 2025-10-23T21:42:01.939Z][0m WindsurfWindowsMainManager: Window will load {
  windowId: 5,
  workspaceUri: {
    id: '5695c1551935f6d5b679568693f7e7a4',
    uri: ln {
      scheme: 'file',
      authority: '',
      path: '/home/ph03nix/Programming/Flutter/amacuba-notifications-panel',
      query: '',
      fragment: '',
      _formatted: 'file:///home/ph03nix/Programming/Flutter/amacuba-notifications-panel',
      _fsPath: '/home/ph03nix/Programming/Flutter/amacuba-notifications-panel'
    }
  }
}
[90m[main 2025-10-24T14:51:24.226Z][0m WindsurfWindowsMainManager: Window will close {
  windowId: 4,
  workspaceUri: {
    id: 'f3f21304e4806562428736c50ef10394',
    uri: ln {
      scheme: 'file',
      authority: '',
      path: '/home/ph03nix/Programming/Flutter/driverlink-approval',
      query: '',
      fragment: '',
      _formatted: 'file:///home/ph03nix/Programming/Flutter/driverlink-approval',
      _fsPath: '/home/ph03nix/Programming/Flutter/driverlink-approval'
    }
  }
}
[91m[main 2025-10-24T14:51:24.278Z][0m [UtilityProcess id: 4, type: fileWatcher, pid: 13952]: crashed with code 15 and reason 'killed'
[91m[main 2025-10-24T14:51:24.278Z][0m === UTILITY PROCESS CRASH REPORT ===
[91m[main 2025-10-24T14:51:24.278Z][0m Time: 2025-10-24T14:51:24.278Z
[91m[main 2025-10-24T14:51:24.278Z][0m PID: 13952, Exit Code: 15 (Unknown exit code (15)), Reason: killed
[91m[main 2025-10-24T14:51:24.278Z][0m Process Type: fileWatcher
[91m[main 2025-10-24T14:51:24.279Z][0m Process ID: 4
[91m[main 2025-10-24T14:51:24.279Z][0m Entry Point: vs/platform/files/node/watcher/watcherMain
[91m[main 2025-10-24T14:51:24.282Z][0m Main Process Memory: RSS=218MB, Heap=21MB, External=4MB
[91m[main 2025-10-24T14:51:24.282Z][0m System Information:
[91m[main 2025-10-24T14:51:24.283Z][0m   - Node Version: v20.19.0
[91m[main 2025-10-24T14:51:24.283Z][0m   - Platform: linux_x64
[91m[main 2025-10-24T14:51:24.283Z][0m   - Electron Version: 34.5.1
[91m[main 2025-10-24T14:51:24.283Z][0m Active Utility Processes: 5 processes
[91m[main 2025-10-24T14:51:24.283Z][0m Sample Processes:
[91m[main 2025-10-24T14:51:24.283Z][0m   - shared-process (PID: 1456)
[91m[main 2025-10-24T14:51:24.283Z][0m   - ptyHost (PID: 1505)
[91m[main 2025-10-24T14:51:24.283Z][0m   - extensionHost [4] (PID: 13947)
[91m[main 2025-10-24T14:51:24.283Z][0m   - extensionHost [5] (PID: 15011)
[91m[main 2025-10-24T14:51:24.283Z][0m   - fileWatcher [5] (PID: 15016)
[91m[main 2025-10-24T14:51:24.283Z][0m === END UTILITY PROCESS CRASH REPORT ===
[90m[main 2025-10-24T14:51:24.428Z][0m Extension host with pid 13947 exited with code: 0, signal: unknown.
[90m[main 2025-10-24T14:51:28.617Z][0m WindsurfWindowsMainManager: Window will close {
  windowId: 5,
  workspaceUri: {
    id: '5695c1551935f6d5b679568693f7e7a4',
    uri: ln {
      scheme: 'file',
      authority: '',
      path: '/home/ph03nix/Programming/Flutter/amacuba-notifications-panel',
      query: '',
      fragment: '',
      _formatted: 'file:///home/ph03nix/Programming/Flutter/amacuba-notifications-panel',
      _fsPath: '/home/ph03nix/Programming/Flutter/amacuba-notifications-panel'
    }
  }
}
[90m[main 2025-10-24T14:51:28.626Z][0m WindsurfWindowsMainManager: Shutdown initiated, capturing current window group state
[91m[main 2025-10-24T14:51:28.647Z][0m [UtilityProcess id: 5, type: fileWatcher, pid: 15016]: crashed with code 15 and reason 'killed'
[91m[main 2025-10-24T14:51:28.647Z][0m === UTILITY PROCESS CRASH REPORT ===
[91m[main 2025-10-24T14:51:28.647Z][0m Time: 2025-10-24T14:51:28.647Z
[91m[main 2025-10-24T14:51:28.647Z][0m PID: 15016, Exit Code: 15 (Unknown exit code (15)), Reason: killed
[91m[main 2025-10-24T14:51:28.647Z][0m Process Type: fileWatcher
[91m[main 2025-10-24T14:51:28.647Z][0m Process ID: 5
[91m[main 2025-10-24T14:51:28.647Z][0m Entry Point: vs/platform/files/node/watcher/watcherMain
[91m[main 2025-10-24T14:51:28.647Z][0m Main Process Memory: RSS=214MB, Heap=21MB, External=4MB
[91m[main 2025-10-24T14:51:28.647Z][0m System Information:
[91m[main 2025-10-24T14:51:28.647Z][0m   - Node Version: v20.19.0
[91m[main 2025-10-24T14:51:28.647Z][0m   - Platform: linux_x64
[91m[main 2025-10-24T14:51:28.647Z][0m   - Electron Version: 34.5.1
[91m[main 2025-10-24T14:51:28.647Z][0m Active Utility Processes: 3 processes
[91m[main 2025-10-24T14:51:28.647Z][0m Sample Processes:
[91m[main 2025-10-24T14:51:28.647Z][0m   - shared-process (PID: 1456)
[91m[main 2025-10-24T14:51:28.647Z][0m   - ptyHost (PID: 1505)
[91m[main 2025-10-24T14:51:28.647Z][0m   - extensionHost [5] (PID: 15011)
[91m[main 2025-10-24T14:51:28.647Z][0m === END UTILITY PROCESS CRASH REPORT ===
[90m[main 2025-10-24T14:51:28.733Z][0m Extension host with pid 15011 exited with code: 0, signal: unknown.
[193076:1024/191218.193248:ERROR:object_proxy.cc(576)] Failed to call method: org.freedesktop.DBus.Properties.Get: object_path= /org/freedesktop/portal/desktop: org.freedesktop.DBus.Error.InvalidArgs: No such interface “org.freedesktop.portal.FileChooser”
[193076:1024/191218.193298:ERROR:select_file_dialog_linux_portal.cc(308)] Failed to read portal version property
[90m[main 2025-10-24T23:12:18.424Z][0m WindsurfWindowsMainManager: Window will load {
  windowId: 1,
  workspaceUri: {
    id: 'f3f21304e4806562428736c50ef10394',
    uri: ln {
      scheme: 'file',
      authority: '',
      path: '/home/ph03nix/Programming/Flutter/driverlink-approval',
      query: '',
      fragment: '',
      _formatted: 'file:///home/ph03nix/Programming/Flutter/driverlink-approval',
      _fsPath: '/home/ph03nix/Programming/Flutter/driverlink-approval'
    }
  }
}
[90m[main 2025-10-24T23:12:18.438Z][0m update#setState idle
[90m[main 2025-10-24T23:12:48.440Z][0m update#setState checking for updates
[90m[main 2025-10-24T23:12:48.798Z][0m update#setState available for download
[193115:1024/191410.168828:ERROR:gl_surface_presentation_helper.cc(260)] GetVSyncParametersIfAvailable() failed for 1 times!
[193115:1024/191415.116731:ERROR:gl_surface_presentation_helper.cc(260)] GetVSyncParametersIfAvailable() failed for 2 times!
[193115:1024/191511.012620:ERROR:gl_surface_presentation_helper.cc(260)] GetVSyncParametersIfAvailable() failed for 3 times!
[90m[main 2025-10-25T12:26:33.522Z][0m WindsurfWindowsMainManager: Window will close {
  windowId: 1,
  workspaceUri: {
    id: 'f3f21304e4806562428736c50ef10394',
    uri: ln {
      scheme: 'file',
      authority: '',
      path: '/home/ph03nix/Programming/Flutter/driverlink-approval',
      query: '',
      fragment: '',
      _formatted: 'file:///home/ph03nix/Programming/Flutter/driverlink-approval',
      _fsPath: '/home/ph03nix/Programming/Flutter/driverlink-approval'
    }
  }
}
[90m[main 2025-10-25T12:26:33.539Z][0m WindsurfWindowsMainManager: Shutdown initiated, capturing current window group state
[91m[main 2025-10-25T12:26:33.551Z][0m [UtilityProcess id: 1, type: fileWatcher, pid: 193189]: crashed with code 15 and reason 'killed'
[91m[main 2025-10-25T12:26:33.551Z][0m === UTILITY PROCESS CRASH REPORT ===
[91m[main 2025-10-25T12:26:33.551Z][0m Time: 2025-10-25T12:26:33.551Z
[91m[main 2025-10-25T12:26:33.552Z][0m PID: 193189, Exit Code: 15 (Unknown exit code (15)), Reason: killed
[91m[main 2025-10-25T12:26:33.552Z][0m Process Type: fileWatcher
[91m[main 2025-10-25T12:26:33.552Z][0m Process ID: 1
[91m[main 2025-10-25T12:26:33.552Z][0m Entry Point: vs/platform/files/node/watcher/watcherMain
[91m[main 2025-10-25T12:26:33.552Z][0m Main Process Memory: RSS=205MB, Heap=16MB, External=4MB
[91m[main 2025-10-25T12:26:33.552Z][0m System Information:
[91m[main 2025-10-25T12:26:33.552Z][0m   - Node Version: v20.19.0
[91m[main 2025-10-25T12:26:33.552Z][0m   - Platform: linux_x64
[91m[main 2025-10-25T12:26:33.552Z][0m   - Electron Version: 34.5.1
[91m[main 2025-10-25T12:26:33.552Z][0m Active Utility Processes: 3 processes
[91m[main 2025-10-25T12:26:33.552Z][0m Sample Processes:
[91m[main 2025-10-25T12:26:33.552Z][0m   - shared-process (PID: 193188)
[91m[main 2025-10-25T12:26:33.553Z][0m   - extensionHost [1] (PID: 193190)
[91m[main 2025-10-25T12:26:33.553Z][0m   - ptyHost (PID: 193238)
[91m[main 2025-10-25T12:26:33.553Z][0m === END UTILITY PROCESS CRASH REPORT ===
[90m[main 2025-10-25T12:26:33.569Z][0m Extension host with pid 193190 exited with code: 0, signal: unknown.
[396797:1027/151551.996725:ERROR:object_proxy.cc(576)] Failed to call method: org.freedesktop.DBus.Properties.Get: object_path= /org/freedesktop/portal/desktop: org.freedesktop.DBus.Error.InvalidArgs: No such interface “org.freedesktop.portal.FileChooser”
[396797:1027/151551.996780:ERROR:select_file_dialog_linux_portal.cc(308)] Failed to read portal version property
[90m[main 2025-10-27T19:15:52.192Z][0m WindsurfWindowsMainManager: Window will load {
  windowId: 1,
  workspaceUri: {
    id: 'f3f21304e4806562428736c50ef10394',
    uri: ln {
      scheme: 'file',
      authority: '',
      path: '/home/ph03nix/Programming/Flutter/driverlink-approval',
      query: '',
      fragment: '',
      _formatted: 'file:///home/ph03nix/Programming/Flutter/driverlink-approval',
      _fsPath: '/home/ph03nix/Programming/Flutter/driverlink-approval'
    }
  }
}
[90m[main 2025-10-27T19:15:52.204Z][0m update#setState idle
[90m[main 2025-10-27T19:16:22.206Z][0m update#setState checking for updates
[90m[main 2025-10-27T19:16:22.446Z][0m update#setState available for download
[396837:1027/151706.878289:ERROR:gl_surface_presentation_helper.cc(260)] GetVSyncParametersIfAvailable() failed for 1 times!
[396837:1027/151724.949468:ERROR:gl_surface_presentation_helper.cc(260)] GetVSyncParametersIfAvailable() failed for 2 times!
[396837:1027/151731.521491:ERROR:gl_surface_presentation_helper.cc(260)] GetVSyncParametersIfAvailable() failed for 3 times!
